0 info it worked if it ends with ok
1 verbose cli [ '/usr/local/bin/node',
1 verbose cli   '/usr/local/bin/npm',
1 verbose cli   'update',
1 verbose cli   '-g',
1 verbose cli   'bower' ]
2 info using npm@3.8.6
3 info using node@v4.4.1
4 silly mapToRegistry name bower
5 silly mapToRegistry using default registry
6 silly mapToRegistry registry https://registry.npmjs.org/
7 silly mapToRegistry data Result {
7 silly mapToRegistry   raw: 'bower',
7 silly mapToRegistry   scope: null,
7 silly mapToRegistry   name: 'bower',
7 silly mapToRegistry   rawSpec: '',
7 silly mapToRegistry   spec: 'latest',
7 silly mapToRegistry   type: 'tag' }
8 silly mapToRegistry uri https://registry.npmjs.org/bower
9 verbose request uri https://registry.npmjs.org/bower
10 verbose request no auth needed
11 info attempt registry request try #1 at 8:05:05 PM
12 verbose request id 8922afd49b07c682
13 verbose etag "4387D8DCE4NO3GOJ3EZ1FZVZP"
14 http request GET https://registry.npmjs.org/bower
15 http 200 https://registry.npmjs.org/bower
16 verbose headers { server: 'CouchDB/1.5.0 (Erlang OTP/R16B03)',
16 verbose headers   etag: '"C8T77HIEKTFUSFXCPJX2M2CYS"',
16 verbose headers   'content-type': 'application/json',
16 verbose headers   'content-encoding': 'gzip',
16 verbose headers   'cache-control': 'max-age=300',
16 verbose headers   'content-length': '20489',
16 verbose headers   'accept-ranges': 'bytes',
16 verbose headers   date: 'Sat, 25 Jun 2016 13:05:06 GMT',
16 verbose headers   via: '1.1 varnish',
16 verbose headers   age: '260',
16 verbose headers   connection: 'keep-alive',
16 verbose headers   'x-served-by': 'cache-lax1422-LAX',
16 verbose headers   'x-cache': 'HIT',
16 verbose headers   'x-cache-hits': '4',
16 verbose headers   'x-timer': 'S1466859906.932906,VS0,VE0',
16 verbose headers   vary: 'Accept-Encoding' }
17 silly get cb [ 200,
17 silly get   { server: 'CouchDB/1.5.0 (Erlang OTP/R16B03)',
17 silly get     etag: '"C8T77HIEKTFUSFXCPJX2M2CYS"',
17 silly get     'content-type': 'application/json',
17 silly get     'content-encoding': 'gzip',
17 silly get     'cache-control': 'max-age=300',
17 silly get     'content-length': '20489',
17 silly get     'accept-ranges': 'bytes',
17 silly get     date: 'Sat, 25 Jun 2016 13:05:06 GMT',
17 silly get     via: '1.1 varnish',
17 silly get     age: '260',
17 silly get     connection: 'keep-alive',
17 silly get     'x-served-by': 'cache-lax1422-LAX',
17 silly get     'x-cache': 'HIT',
17 silly get     'x-cache-hits': '4',
17 silly get     'x-timer': 'S1466859906.932906,VS0,VE0',
17 silly get     vary: 'Accept-Encoding' } ]
18 verbose get saving bower to /Users/darmawanalbert/.npm/registry.npmjs.org/bower/.cache.json
19 verbose correctMkdir /Users/darmawanalbert/.npm correctMkdir not in flight; initializing
20 info outdated updating [ { dep:
20 info outdated      Node {
20 info outdated        id: 1,
20 info outdated        package: [Object],
20 info outdated        path: '/usr/local/lib/node_modules/bower',
20 info outdated        realpath: '/usr/local/lib/node_modules/bower',
20 info outdated        parent: [Object],
20 info outdated        isLink: false,
20 info outdated        children: [Object],
20 info outdated        error: null,
20 info outdated        loaded: false,
20 info outdated        requiredBy: [],
20 info outdated        requires: [Object],
20 info outdated        missingDeps: {},
20 info outdated        missingDevDeps: {},
20 info outdated        userRequired: false,
20 info outdated        existing: false },
20 info outdated     depname: 'bower',
20 info outdated     current: '1.3.12',
20 info outdated     wanted: '1.7.9',
20 info outdated     latest: '1.7.9',
20 info outdated     req: '*',
20 info outdated     what: 'bower@1.7.9' } ]
21 silly loadCurrentTree Starting
22 silly install loadCurrentTree
23 silly install readGlobalPackageData
24 silly fetchPackageMetaData bower@1.7.9
25 silly fetchNamedPackageData bower
26 silly mapToRegistry name bower
27 silly mapToRegistry using default registry
28 silly mapToRegistry registry https://registry.npmjs.org/
29 silly mapToRegistry data Result {
29 silly mapToRegistry   raw: 'bower',
29 silly mapToRegistry   scope: null,
29 silly mapToRegistry   name: 'bower',
29 silly mapToRegistry   rawSpec: '',
29 silly mapToRegistry   spec: 'latest',
29 silly mapToRegistry   type: 'tag' }
30 silly mapToRegistry uri https://registry.npmjs.org/bower
31 verbose get https://registry.npmjs.org/bower not expired, no request
32 silly install normalizeTree
33 silly loadCurrentTree Finishing
34 silly loadIdealTree Starting
35 silly install loadIdealTree
36 silly cloneCurrentTree Starting
37 silly install cloneCurrentTreeToIdealTree
38 silly cloneCurrentTree Finishing
39 silly loadShrinkwrap Starting
40 silly install loadShrinkwrap
41 silly loadShrinkwrap Finishing
42 silly loadAllDepsIntoIdealTree Starting
43 silly install loadAllDepsIntoIdealTree
44 silly resolveWithNewModule bower@1.7.9 checking installable status
45 silly cache add args [ 'bower@1.7.9', null ]
46 verbose cache add spec bower@1.7.9
47 silly cache add parsed spec Result {
47 silly cache add   raw: 'bower@1.7.9',
47 silly cache add   scope: null,
47 silly cache add   name: 'bower',
47 silly cache add   rawSpec: '1.7.9',
47 silly cache add   spec: '1.7.9',
47 silly cache add   type: 'version' }
48 silly addNamed bower@1.7.9
49 verbose addNamed "1.7.9" is a plain semver version for bower
50 silly mapToRegistry name bower
51 silly mapToRegistry using default registry
52 silly mapToRegistry registry https://registry.npmjs.org/
53 silly mapToRegistry data Result {
53 silly mapToRegistry   raw: 'bower',
53 silly mapToRegistry   scope: null,
53 silly mapToRegistry   name: 'bower',
53 silly mapToRegistry   rawSpec: '',
53 silly mapToRegistry   spec: 'latest',
53 silly mapToRegistry   type: 'tag' }
54 silly mapToRegistry uri https://registry.npmjs.org/bower
55 verbose addNameVersion registry:https://registry.npmjs.org/bower not in flight; fetching
56 verbose get https://registry.npmjs.org/bower not expired, no request
57 silly mapToRegistry name bower
58 silly mapToRegistry using default registry
59 silly mapToRegistry registry https://registry.npmjs.org/
60 silly mapToRegistry data Result {
60 silly mapToRegistry   raw: 'bower',
60 silly mapToRegistry   scope: null,
60 silly mapToRegistry   name: 'bower',
60 silly mapToRegistry   rawSpec: '',
60 silly mapToRegistry   spec: 'latest',
60 silly mapToRegistry   type: 'tag' }
61 silly mapToRegistry uri https://registry.npmjs.org/bower
62 verbose addRemoteTarball https://registry.npmjs.org/bower/-/bower-1.7.9.tgz not in flight; adding
63 verbose addRemoteTarball [ 'https://registry.npmjs.org/bower/-/bower-1.7.9.tgz',
63 verbose addRemoteTarball   'b7296c2393e0d75edaa6ca39648132dd255812b0' ]
64 info retry fetch attempt 1 at 8:05:07 PM
65 info attempt registry request try #1 at 8:05:07 PM
66 http fetch GET https://registry.npmjs.org/bower/-/bower-1.7.9.tgz
67 http fetch 200 https://registry.npmjs.org/bower/-/bower-1.7.9.tgz
68 silly fetchAndShaCheck shasum b7296c2393e0d75edaa6ca39648132dd255812b0
69 verbose addTmpTarball /var/folders/9k/4vcyxf5j441dxd1tgksqsncr0000gn/T/npm-2209-3938f429/registry.npmjs.org/bower/-/bower-1.7.9.tgz not in flight; adding
70 verbose addTmpTarball already have metadata; skipping unpack for bower@1.7.9
71 verbose correctMkdir /Users/darmawanalbert/.npm correctMkdir not in flight; initializing
72 silly cache afterAdd bower@1.7.9
73 verbose afterAdd /Users/darmawanalbert/.npm/bower/1.7.9/package/package.json not in flight; writing
74 verbose correctMkdir /Users/darmawanalbert/.npm correctMkdir not in flight; initializing
75 verbose afterAdd /Users/darmawanalbert/.npm/bower/1.7.9/package/package.json written
76 silly loadAllDepsIntoIdealTree Finishing
77 silly idealTree:prePrune lib
77 silly idealTree:prePrune └── bower@1.7.9
78 silly loadIdealTree Finishing
79 silly currentTree lib
79 silly currentTree └─┬ bower@1.3.12
79 silly currentTree   ├── abbrev@1.0.5
79 silly currentTree   ├── archy@0.0.2
79 silly currentTree   ├─┬ bower-config@0.5.2
79 silly currentTree   │ ├── graceful-fs@2.0.3
79 silly currentTree   │ ├─┬ optimist@0.6.1
79 silly currentTree   │ │ ├── minimist@0.0.10
79 silly currentTree   │ │ └── wordwrap@0.0.2
79 silly currentTree   │ └── osenv@0.0.3
79 silly currentTree   ├── bower-endpoint-parser@0.2.2
79 silly currentTree   ├─┬ bower-json@0.4.0
79 silly currentTree   │ ├── deep-extend@0.2.11
79 silly currentTree   │ ├── graceful-fs@2.0.3
79 silly currentTree   │ └── intersect@0.0.3
79 silly currentTree   ├── bower-logger@0.2.2
79 silly currentTree   ├─┬ bower-registry-client@0.2.1
79 silly currentTree   │ ├── async@0.2.10
79 silly currentTree   │ ├── graceful-fs@2.0.3
79 silly currentTree   │ ├── lru-cache@2.3.1
79 silly currentTree   │ ├── mkdirp@0.3.5
79 silly currentTree   │ ├── request-replay@0.2.0
79 silly currentTree   │ └─┬ request@2.27.0
79 silly currentTree   │   ├── aws-sign@0.3.0
79 silly currentTree   │   ├── cookie-jar@0.3.0
79 silly currentTree   │   ├── forever-agent@0.5.2
79 silly currentTree   │   ├─┬ form-data@0.1.4
79 silly currentTree   │   │ ├── async@0.9.0
79 silly currentTree   │   │ └─┬ combined-stream@0.0.7
79 silly currentTree   │   │   └── delayed-stream@0.0.5
79 silly currentTree   │   ├─┬ hawk@1.0.0
79 silly currentTree   │   │ ├── boom@0.4.2
79 silly currentTree   │   │ ├── cryptiles@0.2.2
79 silly currentTree   │   │ ├── hoek@0.9.1
79 silly currentTree   │   │ └── sntp@0.2.4
79 silly currentTree   │   ├─┬ http-signature@0.10.0
79 silly currentTree   │   │ ├── asn1@0.1.11
79 silly currentTree   │   │ ├── assert-plus@0.1.2
79 silly currentTree   │   │ └── ctype@0.5.2
79 silly currentTree   │   ├── json-stringify-safe@5.0.0
79 silly currentTree   │   ├── mime@1.2.11
79 silly currentTree   │   ├── node-uuid@1.4.1
79 silly currentTree   │   ├── oauth-sign@0.3.0
79 silly currentTree   │   ├── qs@0.6.6
79 silly currentTree   │   └── tunnel-agent@0.3.0
79 silly currentTree   ├─┬ cardinal@0.4.0
79 silly currentTree   │ └─┬ redeyed@0.4.4
79 silly currentTree   │   └── esprima@1.0.4
79 silly currentTree   ├─┬ chalk@0.5.0
79 silly currentTree   │ ├── ansi-styles@1.1.0
79 silly currentTree   │ ├── escape-string-regexp@1.0.2
79 silly currentTree   │ ├─┬ has-ansi@0.1.0
79 silly currentTree   │ │ └── ansi-regex@0.2.1
79 silly currentTree   │ ├─┬ strip-ansi@0.3.0
79 silly currentTree   │ │ └── ansi-regex@0.2.1
79 silly currentTree   │ └── supports-color@0.2.0
79 silly currentTree   ├── chmodr@0.1.0
79 silly currentTree   ├─┬ decompress-zip@0.0.8
79 silly currentTree   │ ├─┬ binary@0.3.0
79 silly currentTree   │ │ ├── buffers@0.1.1
79 silly currentTree   │ │ └─┬ chainsaw@0.1.0
79 silly currentTree   │ │   └── traverse@0.3.9
79 silly currentTree   │ ├── mkpath@0.1.0
79 silly currentTree   │ ├── nopt@2.2.1
79 silly currentTree   │ ├─┬ readable-stream@1.1.13
79 silly currentTree   │ │ ├── core-util-is@1.0.1
79 silly currentTree   │ │ ├── inherits@2.0.1
79 silly currentTree   │ │ ├── isarray@0.0.1
79 silly currentTree   │ │ └── string_decoder@0.10.31
79 silly currentTree   │ └─┬ touch@0.0.2
79 silly currentTree   │   └── nopt@1.0.10
79 silly currentTree   ├─┬ fstream-ignore@1.0.1
79 silly currentTree   │ ├── inherits@2.0.1
79 silly currentTree   │ └─┬ minimatch@1.0.0
79 silly currentTree   │   └── sigmund@1.0.0
79 silly currentTree   ├─┬ fstream@1.0.3
79 silly currentTree   │ └── inherits@2.0.1
79 silly currentTree   ├─┬ glob@4.0.6
79 silly currentTree   │ ├── inherits@2.0.1
79 silly currentTree   │ ├─┬ minimatch@1.0.0
79 silly currentTree   │ │ └── sigmund@1.0.0
79 silly currentTree   │ └─┬ once@1.3.1
79 silly currentTree   │   └── wrappy@1.0.1
79 silly currentTree   ├── graceful-fs@3.0.5
79 silly currentTree   ├─┬ handlebars@2.0.0
79 silly currentTree   │ ├─┬ optimist@0.3.7
79 silly currentTree   │ │ └── wordwrap@0.0.2
79 silly currentTree   │ └─┬ uglify-js@2.3.6
79 silly currentTree   │   ├── async@0.2.10
79 silly currentTree   │   └─┬ source-map@0.1.40
79 silly currentTree   │     └── amdefine@0.1.0
79 silly currentTree   ├─┬ inquirer@0.7.1
79 silly currentTree   │ ├─┬ cli-color@0.3.2
79 silly currentTree   │ │ ├── d@0.1.1
79 silly currentTree   │ │ ├─┬ es5-ext@0.10.4
79 silly currentTree   │ │ │ ├── es6-iterator@0.1.2
79 silly currentTree   │ │ │ └── es6-symbol@0.1.1
79 silly currentTree   │ │ ├─┬ memoizee@0.3.8
79 silly currentTree   │ │ │ ├─┬ es6-weak-map@0.1.2
79 silly currentTree   │ │ │ │ ├── es6-iterator@0.1.2
79 silly currentTree   │ │ │ │ └── es6-symbol@0.1.1
79 silly currentTree   │ │ │ ├── event-emitter@0.3.1
79 silly currentTree   │ │ │ ├── lru-queue@0.1.0
79 silly currentTree   │ │ │ └── next-tick@0.2.2
79 silly currentTree   │ │ └─┬ timers-ext@0.1.0
79 silly currentTree   │ │   └── next-tick@0.2.2
79 silly currentTree   │ ├── figures@1.3.5
79 silly currentTree   │ ├── lodash@2.4.1
79 silly currentTree   │ ├── mute-stream@0.0.4
79 silly currentTree   │ ├─┬ readline2@0.1.0
79 silly currentTree   │ │ └─┬ chalk@0.4.0
79 silly currentTree   │ │   ├── ansi-styles@1.0.0
79 silly currentTree   │ │   ├── has-color@0.1.7
79 silly currentTree   │ │   └── strip-ansi@0.1.1
79 silly currentTree   │ ├── rx@2.3.18
79 silly currentTree   │ └── through@2.3.6
79 silly currentTree   ├─┬ insight@0.4.3
79 silly currentTree   │ ├── async@0.9.0
79 silly currentTree   │ ├─┬ chalk@0.5.1
79 silly currentTree   │ │ ├── ansi-styles@1.1.0
79 silly currentTree   │ │ ├── escape-string-regexp@1.0.2
79 silly currentTree   │ │ ├─┬ has-ansi@0.1.0
79 silly currentTree   │ │ │ └── ansi-regex@0.2.1
79 silly currentTree   │ │ ├─┬ strip-ansi@0.3.0
79 silly currentTree   │ │ │ └── ansi-regex@0.2.1
79 silly currentTree   │ │ └── supports-color@0.2.0
79 silly currentTree   │ ├─┬ configstore@0.3.1
79 silly currentTree   │ │ ├─┬ js-yaml@3.0.2
79 silly currentTree   │ │ │ ├─┬ argparse@0.1.15
79 silly currentTree   │ │ │ │ ├── underscore.string@2.3.3
79 silly currentTree   │ │ │ │ └── underscore@1.4.4
79 silly currentTree   │ │ │ └── esprima@1.0.4
79 silly currentTree   │ │ ├── object-assign@0.3.1
79 silly currentTree   │ │ └── uuid@1.4.2
79 silly currentTree   │ ├─┬ inquirer@0.6.0
79 silly currentTree   │ │ ├─┬ cli-color@0.3.2
79 silly currentTree   │ │ │ ├── d@0.1.1
79 silly currentTree   │ │ │ ├─┬ es5-ext@0.10.4
79 silly currentTree   │ │ │ │ ├── es6-iterator@0.1.2
79 silly currentTree   │ │ │ │ └── es6-symbol@0.1.1
79 silly currentTree   │ │ │ ├─┬ memoizee@0.3.8
79 silly currentTree   │ │ │ │ ├─┬ es6-weak-map@0.1.2
79 silly currentTree   │ │ │ │ │ ├── es6-iterator@0.1.2
79 silly currentTree   │ │ │ │ │ └── es6-symbol@0.1.1
79 silly currentTree   │ │ │ │ ├── event-emitter@0.3.1
79 silly currentTree   │ │ │ │ ├── lru-queue@0.1.0
79 silly currentTree   │ │ │ │ └── next-tick@0.2.2
79 silly currentTree   │ │ │ └─┬ timers-ext@0.1.0
79 silly currentTree   │ │ │   └── next-tick@0.2.2
79 silly currentTree   │ │ ├── lodash@2.4.1
79 silly currentTree   │ │ ├── mute-stream@0.0.4
79 silly currentTree   │ │ ├─┬ readline2@0.1.0
79 silly currentTree   │ │ │ └─┬ chalk@0.4.0
79 silly currentTree   │ │ │   ├── ansi-styles@1.0.0
79 silly currentTree   │ │ │   ├── has-color@0.1.7
79 silly currentTree   │ │ │   └── strip-ansi@0.1.1
79 silly currentTree   │ │ ├── rx@2.3.18
79 silly currentTree   │ │ └── through@2.3.6
79 silly currentTree   │ ├─┬ lodash.debounce@2.4.1
79 silly currentTree   │ │ ├── lodash.isfunction@2.4.1
79 silly currentTree   │ │ ├─┬ lodash.isobject@2.4.1
79 silly currentTree   │ │ │ └── lodash._objecttypes@2.4.1
79 silly currentTree   │ │ └─┬ lodash.now@2.4.1
79 silly currentTree   │ │   └── lodash._isnative@2.4.1
79 silly currentTree   │ ├── object-assign@1.0.0
79 silly currentTree   │ ├─┬ os-name@1.0.1
79 silly currentTree   │ │ ├── minimist@1.1.0
79 silly currentTree   │ │ └── osx-release@1.0.0
79 silly currentTree   │ └─┬ tough-cookie@0.12.1
79 silly currentTree   │   └── punycode@1.3.2
79 silly currentTree   ├── is-root@1.0.0
79 silly currentTree   ├── junk@1.0.0
79 silly currentTree   ├── lockfile@1.0.0
79 silly currentTree   ├── lru-cache@2.5.0
79 silly currentTree   ├─┬ mkdirp@0.5.0
79 silly currentTree   │ └── minimist@0.0.8
79 silly currentTree   ├── mout@0.9.1
79 silly currentTree   ├── nopt@3.0.1
79 silly currentTree   ├── opn@1.0.0
79 silly currentTree   ├── osenv@0.1.0
79 silly currentTree   ├─┬ p-throttler@0.1.0
79 silly currentTree   │ └── q@0.9.7
79 silly currentTree   ├─┬ promptly@0.2.0
79 silly currentTree   │ └─┬ read@1.0.5
79 silly currentTree   │   └── mute-stream@0.0.4
79 silly currentTree   ├── q@1.0.1
79 silly currentTree   ├─┬ request-progress@0.3.0
79 silly currentTree   │ └── throttleit@0.0.2
79 silly currentTree   ├─┬ request@2.42.0
79 silly currentTree   │ ├── aws-sign2@0.5.0
79 silly currentTree   │ ├─┬ bl@0.9.3
79 silly currentTree   │ │ └─┬ readable-stream@1.0.33
79 silly currentTree   │ │   ├── core-util-is@1.0.1
79 silly currentTree   │ │   ├── inherits@2.0.1
79 silly currentTree   │ │   ├── isarray@0.0.1
79 silly currentTree   │ │   └── string_decoder@0.10.31
79 silly currentTree   │ ├── caseless@0.6.0
79 silly currentTree   │ ├── forever-agent@0.5.2
79 silly currentTree   │ ├─┬ form-data@0.1.4
79 silly currentTree   │ │ ├── async@0.9.0
79 silly currentTree   │ │ ├─┬ combined-stream@0.0.7
79 silly currentTree   │ │ │ └── delayed-stream@0.0.5
79 silly currentTree   │ │ └── mime@1.2.11
79 silly currentTree   │ ├─┬ hawk@1.1.1
79 silly currentTree   │ │ ├── boom@0.4.2
79 silly currentTree   │ │ ├── cryptiles@0.2.2
79 silly currentTree   │ │ ├── hoek@0.9.1
79 silly currentTree   │ │ └── sntp@0.2.4
79 silly currentTree   │ ├─┬ http-signature@0.10.0
79 silly currentTree   │ │ ├── asn1@0.1.11
79 silly currentTree   │ │ ├── assert-plus@0.1.2
79 silly currentTree   │ │ └── ctype@0.5.2
79 silly currentTree   │ ├── json-stringify-safe@5.0.0
79 silly currentTree   │ ├── mime-types@1.0.2
79 silly currentTree   │ ├── node-uuid@1.4.1
79 silly currentTree   │ ├── oauth-sign@0.4.0
79 silly currentTree   │ ├── qs@1.2.2
79 silly currentTree   │ ├── stringstream@0.0.4
79 silly currentTree   │ ├─┬ tough-cookie@0.12.1
79 silly currentTree   │ │ └── punycode@1.3.2
79 silly currentTree   │ └── tunnel-agent@0.4.0
79 silly currentTree   ├── retry@0.6.0
79 silly currentTree   ├── rimraf@2.2.8
79 silly currentTree   ├── semver@2.3.2
79 silly currentTree   ├─┬ shell-quote@1.4.2
79 silly currentTree   │ ├── array-filter@0.0.1
79 silly currentTree   │ ├── array-map@0.0.0
79 silly currentTree   │ ├── array-reduce@0.0.0
79 silly currentTree   │ └── jsonify@0.0.0
79 silly currentTree   ├── stringify-object@1.0.0
79 silly currentTree   ├─┬ tar-fs@0.5.2
79 silly currentTree   │ ├─┬ pump@0.3.5
79 silly currentTree   │ │ ├─┬ end-of-stream@1.0.0
79 silly currentTree   │ │ │ └─┬ once@1.3.1
79 silly currentTree   │ │ │   └── wrappy@1.0.1
79 silly currentTree   │ │ └── once@1.2.0
79 silly currentTree   │ └─┬ tar-stream@0.4.7
79 silly currentTree   │   ├── bl@0.9.3
79 silly currentTree   │   ├─┬ end-of-stream@1.1.0
79 silly currentTree   │   │ └─┬ once@1.3.1
79 silly currentTree   │   │   └── wrappy@1.0.1
79 silly currentTree   │   ├─┬ readable-stream@1.0.33
79 silly currentTree   │   │ ├── core-util-is@1.0.1
79 silly currentTree   │   │ ├── inherits@2.0.1
79 silly currentTree   │   │ ├── isarray@0.0.1
79 silly currentTree   │   │ └── string_decoder@0.10.31
79 silly currentTree   │   └── xtend@4.0.0
79 silly currentTree   ├── tmp@0.0.23
79 silly currentTree   ├─┬ update-notifier@0.2.0
79 silly currentTree   │ ├─┬ configstore@0.3.1
79 silly currentTree   │ │ ├─┬ js-yaml@3.0.2
79 silly currentTree   │ │ │ ├─┬ argparse@0.1.15
79 silly currentTree   │ │ │ │ ├── underscore.string@2.3.3
79 silly currentTree   │ │ │ │ └── underscore@1.4.4
79 silly currentTree   │ │ │ └── esprima@1.0.4
79 silly currentTree   │ │ ├── object-assign@0.3.1
79 silly currentTree   │ │ └── uuid@1.4.2
79 silly currentTree   │ ├─┬ latest-version@0.2.0
79 silly currentTree   │ │ └─┬ package-json@0.2.0
79 silly currentTree   │ │   ├─┬ got@0.3.0
79 silly currentTree   │ │   │ └── object-assign@0.3.1
79 silly currentTree   │ │   └─┬ registry-url@0.1.1
79 silly currentTree   │ │     └─┬ npmconf@2.1.1
79 silly currentTree   │ │       ├─┬ config-chain@1.1.8
79 silly currentTree   │ │       │ └── proto-list@1.2.3
79 silly currentTree   │ │       ├── inherits@2.0.1
79 silly currentTree   │ │       ├── ini@1.3.2
79 silly currentTree   │ │       ├─┬ once@1.3.1
79 silly currentTree   │ │       │ └── wrappy@1.0.1
79 silly currentTree   │ │       └── uid-number@0.0.5
79 silly currentTree   │ ├── semver-diff@0.1.0
79 silly currentTree   │ └─┬ string-length@0.1.2
79 silly currentTree   │   └─┬ strip-ansi@0.2.2
79 silly currentTree   │     └── ansi-regex@0.1.0
79 silly currentTree   └── which@1.0.7
80 silly idealTree lib
80 silly idealTree └── bower@1.7.9
81 silly generateActionsToTake Starting
82 silly install generateActionsToTake
83 warn checkPermissions Missing write access to /usr/local/lib/node_modules/bower/node_modules/abbrev
84 warn checkPermissions Missing write access to /usr/local/lib/node_modules/bower/node_modules/archy
85 warn checkPermissions Missing write access to /usr/local/lib/node_modules/bower/node_modules/bower-config/node_modules/graceful-fs
86 warn checkPermissions Missing write access to /usr/local/lib/node_modules/bower/node_modules/bower-config/node_modules/optimist/node_modules/minimist
87 warn checkPermissions Missing write access to /usr/local/lib/node_modules/bower/node_modules/bower-config/node_modules/optimist/node_modules/wordwrap
88 warn checkPermissions Missing write access to /usr/local/lib/node_modules/bower/node_modules/bower-config/node_modules/optimist
89 warn checkPermissions Missing write access to /usr/local/lib/node_modules/bower/node_modules/bower-config/node_modules/osenv
90 warn checkPermissions Missing write access to /usr/local/lib/node_modules/bower/node_modules/bower-endpoint-parser
91 warn checkPermissions Missing write access to /usr/local/lib/node_modules/bower/node_modules/bower-json/node_modules/deep-extend
92 warn checkPermissions Missing write access to /usr/local/lib/node_modules/bower/node_modules/bower-json/node_modules/graceful-fs
93 warn checkPermissions Missing write access to /usr/local/lib/node_modules/bower/node_modules/bower-json/node_modules/intersect
94 warn checkPermissions Missing write access to /usr/local/lib/node_modules/bower/node_modules/bower-json
95 warn checkPermissions Missing write access to /usr/local/lib/node_modules/bower/node_modules/bower-logger
96 warn checkPermissions Missing write access to /usr/local/lib/node_modules/bower/node_modules/bower-registry-client/node_modules/async
97 warn checkPermissions Missing write access to /usr/local/lib/node_modules/bower/node_modules/bower-registry-client/node_modules/graceful-fs
98 warn checkPermissions Missing write access to /usr/local/lib/node_modules/bower/node_modules/bower-registry-client/node_modules/lru-cache
99 warn checkPermissions Missing write access to /usr/local/lib/node_modules/bower/node_modules/bower-registry-client/node_modules/mkdirp
100 warn checkPermissions Missing write access to /usr/local/lib/node_modules/bower/node_modules/bower-registry-client/node_modules/request/node_modules/aws-sign
101 warn checkPermissions Missing write access to /usr/local/lib/node_modules/bower/node_modules/bower-registry-client/node_modules/request/node_modules/cookie-jar
102 warn checkPermissions Missing write access to /usr/local/lib/node_modules/bower/node_modules/bower-registry-client/node_modules/request/node_modules/forever-agent
103 warn checkPermissions Missing write access to /usr/local/lib/node_modules/bower/node_modules/bower-registry-client/node_modules/request/node_modules/form-data/node_modules/async
104 warn checkPermissions Missing write access to /usr/local/lib/node_modules/bower/node_modules/bower-registry-client/node_modules/request/node_modules/form-data/node_modules/combined-stream/node_modules/delayed-stream
105 warn checkPermissions Missing write access to /usr/local/lib/node_modules/bower/node_modules/bower-registry-client/node_modules/request/node_modules/form-data/node_modules/combined-stream
106 warn checkPermissions Missing write access to /usr/local/lib/node_modules/bower/node_modules/bower-registry-client/node_modules/request/node_modules/hawk/node_modules/hoek
107 warn checkPermissions Missing write access to /usr/local/lib/node_modules/bower/node_modules/bower-registry-client/node_modules/request/node_modules/hawk/node_modules/boom
108 warn checkPermissions Missing write access to /usr/local/lib/node_modules/bower/node_modules/bower-registry-client/node_modules/request/node_modules/hawk/node_modules/cryptiles
109 warn checkPermissions Missing write access to /usr/local/lib/node_modules/bower/node_modules/bower-registry-client/node_modules/request/node_modules/hawk/node_modules/sntp
110 warn checkPermissions Missing write access to /usr/local/lib/node_modules/bower/node_modules/bower-registry-client/node_modules/request/node_modules/hawk
111 warn checkPermissions Missing write access to /usr/local/lib/node_modules/bower/node_modules/bower-registry-client/node_modules/request/node_modules/http-signature/node_modules/asn1
112 warn checkPermissions Missing write access to /usr/local/lib/node_modules/bower/node_modules/bower-registry-client/node_modules/request/node_modules/http-signature/node_modules/assert-plus
113 warn checkPermissions Missing write access to /usr/local/lib/node_modules/bower/node_modules/bower-registry-client/node_modules/request/node_modules/http-signature/node_modules/ctype
114 warn checkPermissions Missing write access to /usr/local/lib/node_modules/bower/node_modules/bower-registry-client/node_modules/request/node_modules/http-signature
115 warn checkPermissions Missing write access to /usr/local/lib/node_modules/bower/node_modules/bower-registry-client/node_modules/request/node_modules/json-stringify-safe
116 warn checkPermissions Missing write access to /usr/local/lib/node_modules/bower/node_modules/bower-registry-client/node_modules/request/node_modules/mime
117 warn checkPermissions Missing write access to /usr/local/lib/node_modules/bower/node_modules/bower-registry-client/node_modules/request/node_modules/form-data
118 warn checkPermissions Missing write access to /usr/local/lib/node_modules/bower/node_modules/bower-registry-client/node_modules/request/node_modules/node-uuid
119 warn checkPermissions Missing write access to /usr/local/lib/node_modules/bower/node_modules/bower-registry-client/node_modules/request/node_modules/oauth-sign
120 warn checkPermissions Missing write access to /usr/local/lib/node_modules/bower/node_modules/bower-registry-client/node_modules/request/node_modules/qs
121 warn checkPermissions Missing write access to /usr/local/lib/node_modules/bower/node_modules/bower-registry-client/node_modules/request/node_modules/tunnel-agent
122 warn checkPermissions Missing write access to /usr/local/lib/node_modules/bower/node_modules/bower-registry-client/node_modules/request
123 warn checkPermissions Missing write access to /usr/local/lib/node_modules/bower/node_modules/cardinal/node_modules/redeyed/node_modules/esprima
124 warn checkPermissions Missing write access to /usr/local/lib/node_modules/bower/node_modules/cardinal/node_modules/redeyed
125 warn checkPermissions Missing write access to /usr/local/lib/node_modules/bower/node_modules/cardinal
126 warn checkPermissions Missing write access to /usr/local/lib/node_modules/bower/node_modules/chalk/node_modules/ansi-styles
127 warn checkPermissions Missing write access to /usr/local/lib/node_modules/bower/node_modules/chalk/node_modules/escape-string-regexp
128 warn checkPermissions Missing write access to /usr/local/lib/node_modules/bower/node_modules/chalk/node_modules/has-ansi/node_modules/ansi-regex
129 warn checkPermissions Missing write access to /usr/local/lib/node_modules/bower/node_modules/chalk/node_modules/has-ansi
130 warn checkPermissions Missing write access to /usr/local/lib/node_modules/bower/node_modules/chalk/node_modules/strip-ansi/node_modules/ansi-regex
131 warn checkPermissions Missing write access to /usr/local/lib/node_modules/bower/node_modules/chalk/node_modules/strip-ansi
132 warn checkPermissions Missing write access to /usr/local/lib/node_modules/bower/node_modules/chalk/node_modules/supports-color
133 warn checkPermissions Missing write access to /usr/local/lib/node_modules/bower/node_modules/chalk
134 warn checkPermissions Missing write access to /usr/local/lib/node_modules/bower/node_modules/chmodr
135 warn checkPermissions Missing write access to /usr/local/lib/node_modules/bower/node_modules/decompress-zip/node_modules/binary/node_modules/buffers
136 warn checkPermissions Missing write access to /usr/local/lib/node_modules/bower/node_modules/decompress-zip/node_modules/binary/node_modules/chainsaw/node_modules/traverse
137 warn checkPermissions Missing write access to /usr/local/lib/node_modules/bower/node_modules/decompress-zip/node_modules/binary/node_modules/chainsaw
138 warn checkPermissions Missing write access to /usr/local/lib/node_modules/bower/node_modules/decompress-zip/node_modules/binary
139 warn checkPermissions Missing write access to /usr/local/lib/node_modules/bower/node_modules/decompress-zip/node_modules/mkpath
140 warn checkPermissions Missing write access to /usr/local/lib/node_modules/bower/node_modules/decompress-zip/node_modules/nopt
141 warn checkPermissions Missing write access to /usr/local/lib/node_modules/bower/node_modules/decompress-zip/node_modules/readable-stream/node_modules/core-util-is
142 warn checkPermissions Missing write access to /usr/local/lib/node_modules/bower/node_modules/decompress-zip/node_modules/readable-stream/node_modules/inherits
143 warn checkPermissions Missing write access to /usr/local/lib/node_modules/bower/node_modules/decompress-zip/node_modules/readable-stream/node_modules/isarray
144 warn checkPermissions Missing write access to /usr/local/lib/node_modules/bower/node_modules/decompress-zip/node_modules/readable-stream/node_modules/string_decoder
145 warn checkPermissions Missing write access to /usr/local/lib/node_modules/bower/node_modules/decompress-zip/node_modules/readable-stream
146 warn checkPermissions Missing write access to /usr/local/lib/node_modules/bower/node_modules/decompress-zip/node_modules/touch/node_modules/nopt
147 warn checkPermissions Missing write access to /usr/local/lib/node_modules/bower/node_modules/decompress-zip/node_modules/touch
148 warn checkPermissions Missing write access to /usr/local/lib/node_modules/bower/node_modules/fstream-ignore/node_modules/inherits
149 warn checkPermissions Missing write access to /usr/local/lib/node_modules/bower/node_modules/fstream-ignore/node_modules/minimatch/node_modules/sigmund
150 warn checkPermissions Missing write access to /usr/local/lib/node_modules/bower/node_modules/fstream/node_modules/inherits
151 warn checkPermissions Missing write access to /usr/local/lib/node_modules/bower/node_modules/glob/node_modules/inherits
152 warn checkPermissions Missing write access to /usr/local/lib/node_modules/bower/node_modules/glob/node_modules/minimatch/node_modules/sigmund
153 warn checkPermissions Missing write access to /usr/local/lib/node_modules/bower/node_modules/glob/node_modules/once/node_modules/wrappy
154 warn checkPermissions Missing write access to /usr/local/lib/node_modules/bower/node_modules/glob/node_modules/once
155 warn checkPermissions Missing write access to /usr/local/lib/node_modules/bower/node_modules/graceful-fs
156 warn checkPermissions Missing write access to /usr/local/lib/node_modules/bower/node_modules/handlebars/node_modules/optimist/node_modules/wordwrap
157 warn checkPermissions Missing write access to /usr/local/lib/node_modules/bower/node_modules/handlebars/node_modules/optimist
158 warn checkPermissions Missing write access to /usr/local/lib/node_modules/bower/node_modules/handlebars/node_modules/uglify-js/node_modules/async
159 warn checkPermissions Missing write access to /usr/local/lib/node_modules/bower/node_modules/handlebars/node_modules/uglify-js/node_modules/source-map/node_modules/amdefine
160 warn checkPermissions Missing write access to /usr/local/lib/node_modules/bower/node_modules/handlebars/node_modules/uglify-js/node_modules/source-map
161 warn checkPermissions Missing write access to /usr/local/lib/node_modules/bower/node_modules/handlebars/node_modules/uglify-js
162 warn checkPermissions Missing write access to /usr/local/lib/node_modules/bower/node_modules/handlebars
163 warn checkPermissions Missing write access to /usr/local/lib/node_modules/bower/node_modules/inquirer/node_modules/cli-color/node_modules/es5-ext/node_modules/es6-symbol
164 warn checkPermissions Missing write access to /usr/local/lib/node_modules/bower/node_modules/inquirer/node_modules/cli-color/node_modules/es5-ext
165 warn checkPermissions Missing write access to /usr/local/lib/node_modules/bower/node_modules/inquirer/node_modules/cli-color/node_modules/d
166 warn checkPermissions Missing write access to /usr/local/lib/node_modules/bower/node_modules/inquirer/node_modules/cli-color/node_modules/es5-ext/node_modules/es6-iterator
167 warn checkPermissions Missing write access to /usr/local/lib/node_modules/bower/node_modules/inquirer/node_modules/cli-color/node_modules/memoizee/node_modules/es6-weak-map/node_modules/es6-symbol
168 warn checkPermissions Missing write access to /usr/local/lib/node_modules/bower/node_modules/inquirer/node_modules/cli-color/node_modules/memoizee/node_modules/es6-weak-map/node_modules/es6-iterator
169 warn checkPermissions Missing write access to /usr/local/lib/node_modules/bower/node_modules/inquirer/node_modules/cli-color/node_modules/memoizee/node_modules/es6-weak-map
170 warn checkPermissions Missing write access to /usr/local/lib/node_modules/bower/node_modules/inquirer/node_modules/cli-color/node_modules/memoizee/node_modules/event-emitter
171 warn checkPermissions Missing write access to /usr/local/lib/node_modules/bower/node_modules/inquirer/node_modules/cli-color/node_modules/memoizee/node_modules/lru-queue
172 warn checkPermissions Missing write access to /usr/local/lib/node_modules/bower/node_modules/inquirer/node_modules/cli-color/node_modules/memoizee/node_modules/next-tick
173 warn checkPermissions Missing write access to /usr/local/lib/node_modules/bower/node_modules/inquirer/node_modules/cli-color/node_modules/timers-ext/node_modules/next-tick
174 warn checkPermissions Missing write access to /usr/local/lib/node_modules/bower/node_modules/inquirer/node_modules/cli-color/node_modules/timers-ext
175 warn checkPermissions Missing write access to /usr/local/lib/node_modules/bower/node_modules/inquirer/node_modules/cli-color/node_modules/memoizee
176 warn checkPermissions Missing write access to /usr/local/lib/node_modules/bower/node_modules/inquirer/node_modules/cli-color
177 warn checkPermissions Missing write access to /usr/local/lib/node_modules/bower/node_modules/inquirer/node_modules/figures
178 warn checkPermissions Missing write access to /usr/local/lib/node_modules/bower/node_modules/inquirer/node_modules/lodash
179 warn checkPermissions Missing write access to /usr/local/lib/node_modules/bower/node_modules/inquirer/node_modules/mute-stream
180 warn checkPermissions Missing write access to /usr/local/lib/node_modules/bower/node_modules/inquirer/node_modules/readline2/node_modules/chalk/node_modules/ansi-styles
181 warn checkPermissions Missing write access to /usr/local/lib/node_modules/bower/node_modules/inquirer/node_modules/readline2/node_modules/chalk/node_modules/strip-ansi
182 warn checkPermissions Missing write access to /usr/local/lib/node_modules/bower/node_modules/inquirer/node_modules/readline2/node_modules/chalk/node_modules/has-color
183 warn checkPermissions Missing write access to /usr/local/lib/node_modules/bower/node_modules/inquirer/node_modules/readline2/node_modules/chalk
184 warn checkPermissions Missing write access to /usr/local/lib/node_modules/bower/node_modules/inquirer/node_modules/readline2
185 warn checkPermissions Missing write access to /usr/local/lib/node_modules/bower/node_modules/inquirer/node_modules/rx
186 warn checkPermissions Missing write access to /usr/local/lib/node_modules/bower/node_modules/inquirer/node_modules/through
187 warn checkPermissions Missing write access to /usr/local/lib/node_modules/bower/node_modules/inquirer
188 warn checkPermissions Missing write access to /usr/local/lib/node_modules/bower/node_modules/insight/node_modules/async
189 warn checkPermissions Missing write access to /usr/local/lib/node_modules/bower/node_modules/insight/node_modules/chalk/node_modules/ansi-styles
190 warn checkPermissions Missing write access to /usr/local/lib/node_modules/bower/node_modules/insight/node_modules/chalk/node_modules/escape-string-regexp
191 warn checkPermissions Missing write access to /usr/local/lib/node_modules/bower/node_modules/insight/node_modules/chalk/node_modules/has-ansi/node_modules/ansi-regex
192 warn checkPermissions Missing write access to /usr/local/lib/node_modules/bower/node_modules/insight/node_modules/chalk/node_modules/has-ansi
193 warn checkPermissions Missing write access to /usr/local/lib/node_modules/bower/node_modules/insight/node_modules/chalk/node_modules/strip-ansi/node_modules/ansi-regex
194 warn checkPermissions Missing write access to /usr/local/lib/node_modules/bower/node_modules/insight/node_modules/chalk/node_modules/strip-ansi
195 warn checkPermissions Missing write access to /usr/local/lib/node_modules/bower/node_modules/insight/node_modules/chalk/node_modules/supports-color
196 warn checkPermissions Missing write access to /usr/local/lib/node_modules/bower/node_modules/insight/node_modules/chalk
197 warn checkPermissions Missing write access to /usr/local/lib/node_modules/bower/node_modules/insight/node_modules/configstore/node_modules/js-yaml/node_modules/argparse/node_modules/underscore
198 warn checkPermissions Missing write access to /usr/local/lib/node_modules/bower/node_modules/insight/node_modules/configstore/node_modules/js-yaml/node_modules/argparse/node_modules/underscore.string
199 warn checkPermissions Missing write access to /usr/local/lib/node_modules/bower/node_modules/insight/node_modules/configstore/node_modules/js-yaml/node_modules/argparse
200 warn checkPermissions Missing write access to /usr/local/lib/node_modules/bower/node_modules/insight/node_modules/configstore/node_modules/js-yaml/node_modules/esprima
201 warn checkPermissions Missing write access to /usr/local/lib/node_modules/bower/node_modules/insight/node_modules/configstore/node_modules/js-yaml
202 warn checkPermissions Missing write access to /usr/local/lib/node_modules/bower/node_modules/insight/node_modules/configstore/node_modules/object-assign
203 warn checkPermissions Missing write access to /usr/local/lib/node_modules/bower/node_modules/insight/node_modules/configstore/node_modules/uuid
204 warn checkPermissions Missing write access to /usr/local/lib/node_modules/bower/node_modules/insight/node_modules/inquirer/node_modules/cli-color/node_modules/es5-ext/node_modules/es6-symbol
205 warn checkPermissions Missing write access to /usr/local/lib/node_modules/bower/node_modules/insight/node_modules/inquirer/node_modules/cli-color/node_modules/es5-ext
206 warn checkPermissions Missing write access to /usr/local/lib/node_modules/bower/node_modules/insight/node_modules/inquirer/node_modules/cli-color/node_modules/d
207 warn checkPermissions Missing write access to /usr/local/lib/node_modules/bower/node_modules/insight/node_modules/inquirer/node_modules/cli-color/node_modules/es5-ext/node_modules/es6-iterator
208 warn checkPermissions Missing write access to /usr/local/lib/node_modules/bower/node_modules/insight/node_modules/inquirer/node_modules/cli-color/node_modules/memoizee/node_modules/es6-weak-map/node_modules/es6-symbol
209 warn checkPermissions Missing write access to /usr/local/lib/node_modules/bower/node_modules/insight/node_modules/inquirer/node_modules/cli-color/node_modules/memoizee/node_modules/es6-weak-map/node_modules/es6-iterator
210 warn checkPermissions Missing write access to /usr/local/lib/node_modules/bower/node_modules/insight/node_modules/inquirer/node_modules/cli-color/node_modules/memoizee/node_modules/es6-weak-map
211 warn checkPermissions Missing write access to /usr/local/lib/node_modules/bower/node_modules/insight/node_modules/inquirer/node_modules/cli-color/node_modules/memoizee/node_modules/event-emitter
212 warn checkPermissions Missing write access to /usr/local/lib/node_modules/bower/node_modules/insight/node_modules/inquirer/node_modules/cli-color/node_modules/memoizee/node_modules/lru-queue
213 warn checkPermissions Missing write access to /usr/local/lib/node_modules/bower/node_modules/insight/node_modules/inquirer/node_modules/cli-color/node_modules/memoizee/node_modules/next-tick
214 warn checkPermissions Missing write access to /usr/local/lib/node_modules/bower/node_modules/insight/node_modules/inquirer/node_modules/cli-color/node_modules/timers-ext/node_modules/next-tick
215 warn checkPermissions Missing write access to /usr/local/lib/node_modules/bower/node_modules/insight/node_modules/inquirer/node_modules/cli-color/node_modules/timers-ext
216 warn checkPermissions Missing write access to /usr/local/lib/node_modules/bower/node_modules/insight/node_modules/inquirer/node_modules/cli-color/node_modules/memoizee
217 warn checkPermissions Missing write access to /usr/local/lib/node_modules/bower/node_modules/insight/node_modules/inquirer/node_modules/cli-color
218 warn checkPermissions Missing write access to /usr/local/lib/node_modules/bower/node_modules/insight/node_modules/inquirer/node_modules/lodash
219 warn checkPermissions Missing write access to /usr/local/lib/node_modules/bower/node_modules/insight/node_modules/inquirer/node_modules/mute-stream
220 warn checkPermissions Missing write access to /usr/local/lib/node_modules/bower/node_modules/insight/node_modules/inquirer/node_modules/readline2/node_modules/chalk/node_modules/ansi-styles
221 warn checkPermissions Missing write access to /usr/local/lib/node_modules/bower/node_modules/insight/node_modules/inquirer/node_modules/readline2/node_modules/chalk/node_modules/has-color
222 warn checkPermissions Missing write access to /usr/local/lib/node_modules/bower/node_modules/insight/node_modules/inquirer/node_modules/readline2/node_modules/chalk/node_modules/strip-ansi
223 warn checkPermissions Missing write access to /usr/local/lib/node_modules/bower/node_modules/insight/node_modules/inquirer/node_modules/readline2/node_modules/chalk
224 warn checkPermissions Missing write access to /usr/local/lib/node_modules/bower/node_modules/insight/node_modules/inquirer/node_modules/readline2
225 warn checkPermissions Missing write access to /usr/local/lib/node_modules/bower/node_modules/insight/node_modules/inquirer/node_modules/rx
226 warn checkPermissions Missing write access to /usr/local/lib/node_modules/bower/node_modules/insight/node_modules/inquirer/node_modules/through
227 warn checkPermissions Missing write access to /usr/local/lib/node_modules/bower/node_modules/insight/node_modules/inquirer
228 warn checkPermissions Missing write access to /usr/local/lib/node_modules/bower/node_modules/insight/node_modules/lodash.debounce/node_modules/lodash.isfunction
229 warn checkPermissions Missing write access to /usr/local/lib/node_modules/bower/node_modules/insight/node_modules/lodash.debounce/node_modules/lodash.isobject/node_modules/lodash._objecttypes
230 warn checkPermissions Missing write access to /usr/local/lib/node_modules/bower/node_modules/insight/node_modules/lodash.debounce/node_modules/lodash.isobject
231 warn checkPermissions Missing write access to /usr/local/lib/node_modules/bower/node_modules/insight/node_modules/lodash.debounce/node_modules/lodash.now/node_modules/lodash._isnative
232 warn checkPermissions Missing write access to /usr/local/lib/node_modules/bower/node_modules/insight/node_modules/lodash.debounce/node_modules/lodash.now
233 warn checkPermissions Missing write access to /usr/local/lib/node_modules/bower/node_modules/insight/node_modules/lodash.debounce
234 warn checkPermissions Missing write access to /usr/local/lib/node_modules/bower/node_modules/insight/node_modules/object-assign
235 warn checkPermissions Missing write access to /usr/local/lib/node_modules/bower/node_modules/insight/node_modules/os-name/node_modules/minimist
236 warn checkPermissions Missing write access to /usr/local/lib/node_modules/bower/node_modules/insight/node_modules/os-name/node_modules/osx-release
237 warn checkPermissions Missing write access to /usr/local/lib/node_modules/bower/node_modules/insight/node_modules/os-name
238 warn checkPermissions Missing write access to /usr/local/lib/node_modules/bower/node_modules/insight/node_modules/tough-cookie/node_modules/punycode
239 warn checkPermissions Missing write access to /usr/local/lib/node_modules/bower/node_modules/insight/node_modules/tough-cookie
240 warn checkPermissions Missing write access to /usr/local/lib/node_modules/bower/node_modules/is-root
241 warn checkPermissions Missing write access to /usr/local/lib/node_modules/bower/node_modules/junk
242 warn checkPermissions Missing write access to /usr/local/lib/node_modules/bower/node_modules/lockfile
243 warn checkPermissions Missing write access to /usr/local/lib/node_modules/bower/node_modules/lru-cache
244 warn checkPermissions Missing write access to /usr/local/lib/node_modules/bower/node_modules/glob/node_modules/minimatch
245 warn checkPermissions Missing write access to /usr/local/lib/node_modules/bower/node_modules/glob
246 warn checkPermissions Missing write access to /usr/local/lib/node_modules/bower/node_modules/fstream-ignore/node_modules/minimatch
247 warn checkPermissions Missing write access to /usr/local/lib/node_modules/bower/node_modules/mkdirp/node_modules/minimist
248 warn checkPermissions Missing write access to /usr/local/lib/node_modules/bower/node_modules/mkdirp
249 warn checkPermissions Missing write access to /usr/local/lib/node_modules/bower/node_modules/mout
250 warn checkPermissions Missing write access to /usr/local/lib/node_modules/bower/node_modules/bower-config
251 warn checkPermissions Missing write access to /usr/local/lib/node_modules/bower/node_modules/nopt
252 warn checkPermissions Missing write access to /usr/local/lib/node_modules/bower/node_modules/opn
253 warn checkPermissions Missing write access to /usr/local/lib/node_modules/bower/node_modules/osenv
254 warn checkPermissions Missing write access to /usr/local/lib/node_modules/bower/node_modules/insight/node_modules/configstore
255 warn checkPermissions Missing write access to /usr/local/lib/node_modules/bower/node_modules/p-throttler/node_modules/q
256 warn checkPermissions Missing write access to /usr/local/lib/node_modules/bower/node_modules/p-throttler
257 warn checkPermissions Missing write access to /usr/local/lib/node_modules/bower/node_modules/promptly/node_modules/read/node_modules/mute-stream
258 warn checkPermissions Missing write access to /usr/local/lib/node_modules/bower/node_modules/promptly/node_modules/read
259 warn checkPermissions Missing write access to /usr/local/lib/node_modules/bower/node_modules/promptly
260 warn checkPermissions Missing write access to /usr/local/lib/node_modules/bower/node_modules/q
261 warn checkPermissions Missing write access to /usr/local/lib/node_modules/bower/node_modules/decompress-zip
262 warn checkPermissions Missing write access to /usr/local/lib/node_modules/bower/node_modules/request-progress/node_modules/throttleit
263 warn checkPermissions Missing write access to /usr/local/lib/node_modules/bower/node_modules/request-progress
264 warn checkPermissions Missing write access to /usr/local/lib/node_modules/bower/node_modules/request/node_modules/aws-sign2
265 warn checkPermissions Missing write access to /usr/local/lib/node_modules/bower/node_modules/request/node_modules/bl/node_modules/readable-stream/node_modules/core-util-is
266 warn checkPermissions Missing write access to /usr/local/lib/node_modules/bower/node_modules/request/node_modules/bl/node_modules/readable-stream/node_modules/inherits
267 warn checkPermissions Missing write access to /usr/local/lib/node_modules/bower/node_modules/request/node_modules/bl/node_modules/readable-stream/node_modules/isarray
268 warn checkPermissions Missing write access to /usr/local/lib/node_modules/bower/node_modules/request/node_modules/bl/node_modules/readable-stream/node_modules/string_decoder
269 warn checkPermissions Missing write access to /usr/local/lib/node_modules/bower/node_modules/request/node_modules/bl/node_modules/readable-stream
270 warn checkPermissions Missing write access to /usr/local/lib/node_modules/bower/node_modules/request/node_modules/bl
271 warn checkPermissions Missing write access to /usr/local/lib/node_modules/bower/node_modules/request/node_modules/caseless
272 warn checkPermissions Missing write access to /usr/local/lib/node_modules/bower/node_modules/request/node_modules/forever-agent
273 warn checkPermissions Missing write access to /usr/local/lib/node_modules/bower/node_modules/request/node_modules/form-data/node_modules/async
274 warn checkPermissions Missing write access to /usr/local/lib/node_modules/bower/node_modules/request/node_modules/form-data/node_modules/combined-stream/node_modules/delayed-stream
275 warn checkPermissions Missing write access to /usr/local/lib/node_modules/bower/node_modules/request/node_modules/form-data/node_modules/combined-stream
276 warn checkPermissions Missing write access to /usr/local/lib/node_modules/bower/node_modules/request/node_modules/form-data/node_modules/mime
277 warn checkPermissions Missing write access to /usr/local/lib/node_modules/bower/node_modules/request/node_modules/form-data
278 warn checkPermissions Missing write access to /usr/local/lib/node_modules/bower/node_modules/request/node_modules/hawk/node_modules/hoek
279 warn checkPermissions Missing write access to /usr/local/lib/node_modules/bower/node_modules/request/node_modules/hawk/node_modules/boom
280 warn checkPermissions Missing write access to /usr/local/lib/node_modules/bower/node_modules/request/node_modules/hawk/node_modules/cryptiles
281 warn checkPermissions Missing write access to /usr/local/lib/node_modules/bower/node_modules/request/node_modules/hawk/node_modules/sntp
282 warn checkPermissions Missing write access to /usr/local/lib/node_modules/bower/node_modules/request/node_modules/hawk
283 warn checkPermissions Missing write access to /usr/local/lib/node_modules/bower/node_modules/request/node_modules/http-signature/node_modules/asn1
284 warn checkPermissions Missing write access to /usr/local/lib/node_modules/bower/node_modules/request/node_modules/http-signature/node_modules/assert-plus
285 warn checkPermissions Missing write access to /usr/local/lib/node_modules/bower/node_modules/request/node_modules/http-signature/node_modules/ctype
286 warn checkPermissions Missing write access to /usr/local/lib/node_modules/bower/node_modules/request/node_modules/http-signature
287 warn checkPermissions Missing write access to /usr/local/lib/node_modules/bower/node_modules/request/node_modules/json-stringify-safe
288 warn checkPermissions Missing write access to /usr/local/lib/node_modules/bower/node_modules/request/node_modules/mime-types
289 warn checkPermissions Missing write access to /usr/local/lib/node_modules/bower/node_modules/request/node_modules/node-uuid
290 warn checkPermissions Missing write access to /usr/local/lib/node_modules/bower/node_modules/request/node_modules/oauth-sign
291 warn checkPermissions Missing write access to /usr/local/lib/node_modules/bower/node_modules/request/node_modules/qs
292 warn checkPermissions Missing write access to /usr/local/lib/node_modules/bower/node_modules/request/node_modules/stringstream
293 warn checkPermissions Missing write access to /usr/local/lib/node_modules/bower/node_modules/request/node_modules/tough-cookie/node_modules/punycode
294 warn checkPermissions Missing write access to /usr/local/lib/node_modules/bower/node_modules/request/node_modules/tough-cookie
295 warn checkPermissions Missing write access to /usr/local/lib/node_modules/bower/node_modules/request/node_modules/tunnel-agent
296 warn checkPermissions Missing write access to /usr/local/lib/node_modules/bower/node_modules/request
297 warn checkPermissions Missing write access to /usr/local/lib/node_modules/bower/node_modules/insight
298 warn checkPermissions Missing write access to /usr/local/lib/node_modules/bower/node_modules/retry
299 warn checkPermissions Missing write access to /usr/local/lib/node_modules/bower/node_modules/bower-registry-client/node_modules/request-replay
300 warn checkPermissions Missing write access to /usr/local/lib/node_modules/bower/node_modules/rimraf
301 warn checkPermissions Missing write access to /usr/local/lib/node_modules/bower/node_modules/fstream
302 warn checkPermissions Missing write access to /usr/local/lib/node_modules/bower/node_modules/fstream-ignore
303 warn checkPermissions Missing write access to /usr/local/lib/node_modules/bower/node_modules/bower-registry-client
304 warn checkPermissions Missing write access to /usr/local/lib/node_modules/bower/node_modules/semver
305 warn checkPermissions Missing write access to /usr/local/lib/node_modules/bower/node_modules/shell-quote/node_modules/array-filter
306 warn checkPermissions Missing write access to /usr/local/lib/node_modules/bower/node_modules/shell-quote/node_modules/array-map
307 warn checkPermissions Missing write access to /usr/local/lib/node_modules/bower/node_modules/shell-quote/node_modules/array-reduce
308 warn checkPermissions Missing write access to /usr/local/lib/node_modules/bower/node_modules/shell-quote/node_modules/jsonify
309 warn checkPermissions Missing write access to /usr/local/lib/node_modules/bower/node_modules/shell-quote
310 warn checkPermissions Missing write access to /usr/local/lib/node_modules/bower/node_modules/stringify-object
311 warn checkPermissions Missing write access to /usr/local/lib/node_modules/bower/node_modules/tar-fs/node_modules/pump/node_modules/end-of-stream/node_modules/once/node_modules/wrappy
312 warn checkPermissions Missing write access to /usr/local/lib/node_modules/bower/node_modules/tar-fs/node_modules/pump/node_modules/end-of-stream/node_modules/once
313 warn checkPermissions Missing write access to /usr/local/lib/node_modules/bower/node_modules/tar-fs/node_modules/pump/node_modules/end-of-stream
314 warn checkPermissions Missing write access to /usr/local/lib/node_modules/bower/node_modules/tar-fs/node_modules/pump/node_modules/once
315 warn checkPermissions Missing write access to /usr/local/lib/node_modules/bower/node_modules/tar-fs/node_modules/pump
316 warn checkPermissions Missing write access to /usr/local/lib/node_modules/bower/node_modules/tar-fs/node_modules/tar-stream/node_modules/end-of-stream/node_modules/once/node_modules/wrappy
317 warn checkPermissions Missing write access to /usr/local/lib/node_modules/bower/node_modules/tar-fs/node_modules/tar-stream/node_modules/end-of-stream/node_modules/once
318 warn checkPermissions Missing write access to /usr/local/lib/node_modules/bower/node_modules/tar-fs/node_modules/tar-stream/node_modules/end-of-stream
319 warn checkPermissions Missing write access to /usr/local/lib/node_modules/bower/node_modules/tar-fs/node_modules/tar-stream/node_modules/readable-stream/node_modules/core-util-is
320 warn checkPermissions Missing write access to /usr/local/lib/node_modules/bower/node_modules/tar-fs/node_modules/tar-stream/node_modules/readable-stream/node_modules/inherits
321 warn checkPermissions Missing write access to /usr/local/lib/node_modules/bower/node_modules/tar-fs/node_modules/tar-stream/node_modules/readable-stream/node_modules/isarray
322 warn checkPermissions Missing write access to /usr/local/lib/node_modules/bower/node_modules/tar-fs/node_modules/tar-stream/node_modules/readable-stream/node_modules/string_decoder
323 warn checkPermissions Missing write access to /usr/local/lib/node_modules/bower/node_modules/tar-fs/node_modules/tar-stream/node_modules/readable-stream
324 warn checkPermissions Missing write access to /usr/local/lib/node_modules/bower/node_modules/tar-fs/node_modules/tar-stream/node_modules/bl
325 warn checkPermissions Missing write access to /usr/local/lib/node_modules/bower/node_modules/tar-fs/node_modules/tar-stream/node_modules/xtend
326 warn checkPermissions Missing write access to /usr/local/lib/node_modules/bower/node_modules/tar-fs/node_modules/tar-stream
327 warn checkPermissions Missing write access to /usr/local/lib/node_modules/bower/node_modules/tar-fs
328 warn checkPermissions Missing write access to /usr/local/lib/node_modules/bower/node_modules/tmp
329 warn checkPermissions Missing write access to /usr/local/lib/node_modules/bower/node_modules/update-notifier/node_modules/configstore/node_modules/js-yaml/node_modules/argparse/node_modules/underscore
330 warn checkPermissions Missing write access to /usr/local/lib/node_modules/bower/node_modules/update-notifier/node_modules/configstore/node_modules/js-yaml/node_modules/argparse/node_modules/underscore.string
331 warn checkPermissions Missing write access to /usr/local/lib/node_modules/bower/node_modules/update-notifier/node_modules/configstore/node_modules/js-yaml/node_modules/argparse
332 warn checkPermissions Missing write access to /usr/local/lib/node_modules/bower/node_modules/update-notifier/node_modules/configstore/node_modules/js-yaml/node_modules/esprima
333 warn checkPermissions Missing write access to /usr/local/lib/node_modules/bower/node_modules/update-notifier/node_modules/configstore/node_modules/js-yaml
334 warn checkPermissions Missing write access to /usr/local/lib/node_modules/bower/node_modules/update-notifier/node_modules/configstore/node_modules/object-assign
335 warn checkPermissions Missing write access to /usr/local/lib/node_modules/bower/node_modules/update-notifier/node_modules/configstore/node_modules/uuid
336 warn checkPermissions Missing write access to /usr/local/lib/node_modules/bower/node_modules/update-notifier/node_modules/configstore
337 warn checkPermissions Missing write access to /usr/local/lib/node_modules/bower/node_modules/update-notifier/node_modules/latest-version/node_modules/package-json/node_modules/got/node_modules/object-assign
338 warn checkPermissions Missing write access to /usr/local/lib/node_modules/bower/node_modules/update-notifier/node_modules/latest-version/node_modules/package-json/node_modules/got
339 warn checkPermissions Missing write access to /usr/local/lib/node_modules/bower/node_modules/update-notifier/node_modules/latest-version/node_modules/package-json/node_modules/registry-url/node_modules/npmconf/node_modules/config-chain/node_modules/proto-list
340 warn checkPermissions Missing write access to /usr/local/lib/node_modules/bower/node_modules/update-notifier/node_modules/latest-version/node_modules/package-json/node_modules/registry-url/node_modules/npmconf/node_modules/inherits
341 warn checkPermissions Missing write access to /usr/local/lib/node_modules/bower/node_modules/update-notifier/node_modules/latest-version/node_modules/package-json/node_modules/registry-url/node_modules/npmconf/node_modules/ini
342 warn checkPermissions Missing write access to /usr/local/lib/node_modules/bower/node_modules/update-notifier/node_modules/latest-version/node_modules/package-json/node_modules/registry-url/node_modules/npmconf/node_modules/config-chain
343 warn checkPermissions Missing write access to /usr/local/lib/node_modules/bower/node_modules/update-notifier/node_modules/latest-version/node_modules/package-json/node_modules/registry-url/node_modules/npmconf/node_modules/once/node_modules/wrappy
344 warn checkPermissions Missing write access to /usr/local/lib/node_modules/bower/node_modules/update-notifier/node_modules/latest-version/node_modules/package-json/node_modules/registry-url/node_modules/npmconf/node_modules/once
345 warn checkPermissions Missing write access to /usr/local/lib/node_modules/bower/node_modules/update-notifier/node_modules/latest-version/node_modules/package-json/node_modules/registry-url/node_modules/npmconf/node_modules/uid-number
346 warn checkPermissions Missing write access to /usr/local/lib/node_modules/bower/node_modules/update-notifier/node_modules/latest-version/node_modules/package-json/node_modules/registry-url/node_modules/npmconf
347 warn checkPermissions Missing write access to /usr/local/lib/node_modules/bower/node_modules/update-notifier/node_modules/latest-version/node_modules/package-json/node_modules/registry-url
348 warn checkPermissions Missing write access to /usr/local/lib/node_modules/bower/node_modules/update-notifier/node_modules/latest-version/node_modules/package-json
349 warn checkPermissions Missing write access to /usr/local/lib/node_modules/bower/node_modules/update-notifier/node_modules/latest-version
350 warn checkPermissions Missing write access to /usr/local/lib/node_modules/bower/node_modules/update-notifier/node_modules/semver-diff
351 warn checkPermissions Missing write access to /usr/local/lib/node_modules/bower/node_modules/update-notifier/node_modules/string-length/node_modules/strip-ansi/node_modules/ansi-regex
352 warn checkPermissions Missing write access to /usr/local/lib/node_modules/bower/node_modules/update-notifier/node_modules/string-length/node_modules/strip-ansi
353 warn checkPermissions Missing write access to /usr/local/lib/node_modules/bower/node_modules/update-notifier/node_modules/string-length
354 warn checkPermissions Missing write access to /usr/local/lib/node_modules/bower/node_modules/update-notifier
355 warn checkPermissions Missing write access to /usr/local/lib/node_modules/bower/node_modules/which
356 warn checkPermissions Missing write access to /usr/local/lib/node_modules/bower
357 warn checkPermissions Missing write access to /usr/local/lib/node_modules/bower/node_modules
358 warn checkPermissions Missing write access to /usr/local/lib/node_modules/bower/node_modules/bower-config/node_modules
359 warn checkPermissions Missing write access to /usr/local/lib/node_modules/bower/node_modules/bower-config/node_modules/optimist/node_modules
360 warn checkPermissions Missing write access to /usr/local/lib/node_modules/bower/node_modules/bower-json/node_modules
361 warn checkPermissions Missing write access to /usr/local/lib/node_modules/bower/node_modules/bower-registry-client/node_modules
362 warn checkPermissions Missing write access to /usr/local/lib/node_modules/bower/node_modules/bower-registry-client/node_modules/request/node_modules
363 warn checkPermissions Missing write access to /usr/local/lib/node_modules/bower/node_modules/bower-registry-client/node_modules/request/node_modules/form-data/node_modules
364 warn checkPermissions Missing write access to /usr/local/lib/node_modules/bower/node_modules/bower-registry-client/node_modules/request/node_modules/form-data/node_modules/combined-stream/node_modules
365 warn checkPermissions Missing write access to /usr/local/lib/node_modules/bower/node_modules/bower-registry-client/node_modules/request/node_modules/hawk/node_modules
366 warn checkPermissions Missing write access to /usr/local/lib/node_modules/bower/node_modules/bower-registry-client/node_modules/request/node_modules/http-signature/node_modules
367 warn checkPermissions Missing write access to /usr/local/lib/node_modules/bower/node_modules/cardinal/node_modules/redeyed/node_modules
368 warn checkPermissions Missing write access to /usr/local/lib/node_modules/bower/node_modules/cardinal/node_modules
369 warn checkPermissions Missing write access to /usr/local/lib/node_modules/bower/node_modules/chalk/node_modules
370 warn checkPermissions Missing write access to /usr/local/lib/node_modules/bower/node_modules/chalk/node_modules/has-ansi/node_modules
371 warn checkPermissions Missing write access to /usr/local/lib/node_modules/bower/node_modules/chalk/node_modules/strip-ansi/node_modules
372 warn checkPermissions Missing write access to /usr/local/lib/node_modules/bower/node_modules/decompress-zip/node_modules/binary/node_modules
373 warn checkPermissions Missing write access to /usr/local/lib/node_modules/bower/node_modules/decompress-zip/node_modules/binary/node_modules/chainsaw/node_modules
374 warn checkPermissions Missing write access to /usr/local/lib/node_modules/bower/node_modules/decompress-zip/node_modules
375 warn checkPermissions Missing write access to /usr/local/lib/node_modules/bower/node_modules/decompress-zip/node_modules/readable-stream/node_modules
376 warn checkPermissions Missing write access to /usr/local/lib/node_modules/bower/node_modules/decompress-zip/node_modules/touch/node_modules
377 warn checkPermissions Missing write access to /usr/local/lib/node_modules/bower/node_modules/fstream-ignore/node_modules
378 warn checkPermissions Missing write access to /usr/local/lib/node_modules/bower/node_modules/fstream-ignore/node_modules/minimatch/node_modules
379 warn checkPermissions Missing write access to /usr/local/lib/node_modules/bower/node_modules/fstream/node_modules
380 warn checkPermissions Missing write access to /usr/local/lib/node_modules/bower/node_modules/glob/node_modules
381 warn checkPermissions Missing write access to /usr/local/lib/node_modules/bower/node_modules/glob/node_modules/minimatch/node_modules
382 warn checkPermissions Missing write access to /usr/local/lib/node_modules/bower/node_modules/glob/node_modules/once/node_modules
383 warn checkPermissions Missing write access to /usr/local/lib/node_modules/bower/node_modules/handlebars/node_modules/optimist/node_modules
384 warn checkPermissions Missing write access to /usr/local/lib/node_modules/bower/node_modules/handlebars/node_modules
385 warn checkPermissions Missing write access to /usr/local/lib/node_modules/bower/node_modules/handlebars/node_modules/uglify-js/node_modules
386 warn checkPermissions Missing write access to /usr/local/lib/node_modules/bower/node_modules/handlebars/node_modules/uglify-js/node_modules/source-map/node_modules
387 warn checkPermissions Missing write access to /usr/local/lib/node_modules/bower/node_modules/inquirer/node_modules/cli-color/node_modules/es5-ext/node_modules
388 warn checkPermissions Missing write access to /usr/local/lib/node_modules/bower/node_modules/inquirer/node_modules/cli-color/node_modules
389 warn checkPermissions Missing write access to /usr/local/lib/node_modules/bower/node_modules/inquirer/node_modules/cli-color/node_modules/memoizee/node_modules/es6-weak-map/node_modules
390 warn checkPermissions Missing write access to /usr/local/lib/node_modules/bower/node_modules/inquirer/node_modules/cli-color/node_modules/memoizee/node_modules
391 warn checkPermissions Missing write access to /usr/local/lib/node_modules/bower/node_modules/inquirer/node_modules/cli-color/node_modules/timers-ext/node_modules
392 warn checkPermissions Missing write access to /usr/local/lib/node_modules/bower/node_modules/inquirer/node_modules
393 warn checkPermissions Missing write access to /usr/local/lib/node_modules/bower/node_modules/inquirer/node_modules/readline2/node_modules/chalk/node_modules
394 warn checkPermissions Missing write access to /usr/local/lib/node_modules/bower/node_modules/inquirer/node_modules/readline2/node_modules
395 warn checkPermissions Missing write access to /usr/local/lib/node_modules/bower/node_modules/insight/node_modules
396 warn checkPermissions Missing write access to /usr/local/lib/node_modules/bower/node_modules/insight/node_modules/chalk/node_modules
397 warn checkPermissions Missing write access to /usr/local/lib/node_modules/bower/node_modules/insight/node_modules/chalk/node_modules/has-ansi/node_modules
398 warn checkPermissions Missing write access to /usr/local/lib/node_modules/bower/node_modules/insight/node_modules/chalk/node_modules/strip-ansi/node_modules
399 warn checkPermissions Missing write access to /usr/local/lib/node_modules/bower/node_modules/insight/node_modules/configstore/node_modules/js-yaml/node_modules/argparse/node_modules
400 warn checkPermissions Missing write access to /usr/local/lib/node_modules/bower/node_modules/insight/node_modules/configstore/node_modules/js-yaml/node_modules
401 warn checkPermissions Missing write access to /usr/local/lib/node_modules/bower/node_modules/insight/node_modules/configstore/node_modules
402 warn checkPermissions Missing write access to /usr/local/lib/node_modules/bower/node_modules/insight/node_modules/inquirer/node_modules/cli-color/node_modules/es5-ext/node_modules
403 warn checkPermissions Missing write access to /usr/local/lib/node_modules/bower/node_modules/insight/node_modules/inquirer/node_modules/cli-color/node_modules
404 warn checkPermissions Missing write access to /usr/local/lib/node_modules/bower/node_modules/insight/node_modules/inquirer/node_modules/cli-color/node_modules/memoizee/node_modules/es6-weak-map/node_modules
405 warn checkPermissions Missing write access to /usr/local/lib/node_modules/bower/node_modules/insight/node_modules/inquirer/node_modules/cli-color/node_modules/memoizee/node_modules
406 warn checkPermissions Missing write access to /usr/local/lib/node_modules/bower/node_modules/insight/node_modules/inquirer/node_modules/cli-color/node_modules/timers-ext/node_modules
407 warn checkPermissions Missing write access to /usr/local/lib/node_modules/bower/node_modules/insight/node_modules/inquirer/node_modules
408 warn checkPermissions Missing write access to /usr/local/lib/node_modules/bower/node_modules/insight/node_modules/inquirer/node_modules/readline2/node_modules/chalk/node_modules
409 warn checkPermissions Missing write access to /usr/local/lib/node_modules/bower/node_modules/insight/node_modules/inquirer/node_modules/readline2/node_modules
410 warn checkPermissions Missing write access to /usr/local/lib/node_modules/bower/node_modules/insight/node_modules/lodash.debounce/node_modules
411 warn checkPermissions Missing write access to /usr/local/lib/node_modules/bower/node_modules/insight/node_modules/lodash.debounce/node_modules/lodash.isobject/node_modules
412 warn checkPermissions Missing write access to /usr/local/lib/node_modules/bower/node_modules/insight/node_modules/lodash.debounce/node_modules/lodash.now/node_modules
413 warn checkPermissions Missing write access to /usr/local/lib/node_modules/bower/node_modules/insight/node_modules/os-name/node_modules
414 warn checkPermissions Missing write access to /usr/local/lib/node_modules/bower/node_modules/insight/node_modules/tough-cookie/node_modules
415 warn checkPermissions Missing write access to /usr/local/lib/node_modules/bower/node_modules/mkdirp/node_modules
416 warn checkPermissions Missing write access to /usr/local/lib/node_modules/bower/node_modules/p-throttler/node_modules
417 warn checkPermissions Missing write access to /usr/local/lib/node_modules/bower/node_modules/promptly/node_modules/read/node_modules
418 warn checkPermissions Missing write access to /usr/local/lib/node_modules/bower/node_modules/promptly/node_modules
419 warn checkPermissions Missing write access to /usr/local/lib/node_modules/bower/node_modules/request-progress/node_modules
420 warn checkPermissions Missing write access to /usr/local/lib/node_modules/bower/node_modules/request/node_modules
421 warn checkPermissions Missing write access to /usr/local/lib/node_modules/bower/node_modules/request/node_modules/bl/node_modules/readable-stream/node_modules
422 warn checkPermissions Missing write access to /usr/local/lib/node_modules/bower/node_modules/request/node_modules/bl/node_modules
423 warn checkPermissions Missing write access to /usr/local/lib/node_modules/bower/node_modules/request/node_modules/form-data/node_modules
424 warn checkPermissions Missing write access to /usr/local/lib/node_modules/bower/node_modules/request/node_modules/form-data/node_modules/combined-stream/node_modules
425 warn checkPermissions Missing write access to /usr/local/lib/node_modules/bower/node_modules/request/node_modules/hawk/node_modules
426 warn checkPermissions Missing write access to /usr/local/lib/node_modules/bower/node_modules/request/node_modules/http-signature/node_modules
427 warn checkPermissions Missing write access to /usr/local/lib/node_modules/bower/node_modules/request/node_modules/tough-cookie/node_modules
428 warn checkPermissions Missing write access to /usr/local/lib/node_modules/bower/node_modules/shell-quote/node_modules
429 warn checkPermissions Missing write access to /usr/local/lib/node_modules/bower/node_modules/tar-fs/node_modules/pump/node_modules/end-of-stream/node_modules/once/node_modules
430 warn checkPermissions Missing write access to /usr/local/lib/node_modules/bower/node_modules/tar-fs/node_modules/pump/node_modules/end-of-stream/node_modules
431 warn checkPermissions Missing write access to /usr/local/lib/node_modules/bower/node_modules/tar-fs/node_modules/pump/node_modules
432 warn checkPermissions Missing write access to /usr/local/lib/node_modules/bower/node_modules/tar-fs/node_modules
433 warn checkPermissions Missing write access to /usr/local/lib/node_modules/bower/node_modules/tar-fs/node_modules/tar-stream/node_modules/end-of-stream/node_modules/once/node_modules
434 warn checkPermissions Missing write access to /usr/local/lib/node_modules/bower/node_modules/tar-fs/node_modules/tar-stream/node_modules/end-of-stream/node_modules
435 warn checkPermissions Missing write access to /usr/local/lib/node_modules/bower/node_modules/tar-fs/node_modules/tar-stream/node_modules
436 warn checkPermissions Missing write access to /usr/local/lib/node_modules/bower/node_modules/tar-fs/node_modules/tar-stream/node_modules/readable-stream/node_modules
437 warn checkPermissions Missing write access to /usr/local/lib/node_modules/bower/node_modules/update-notifier/node_modules/configstore/node_modules/js-yaml/node_modules/argparse/node_modules
438 warn checkPermissions Missing write access to /usr/local/lib/node_modules/bower/node_modules/update-notifier/node_modules/configstore/node_modules/js-yaml/node_modules
439 warn checkPermissions Missing write access to /usr/local/lib/node_modules/bower/node_modules/update-notifier/node_modules/configstore/node_modules
440 warn checkPermissions Missing write access to /usr/local/lib/node_modules/bower/node_modules/update-notifier/node_modules
441 warn checkPermissions Missing write access to /usr/local/lib/node_modules/bower/node_modules/update-notifier/node_modules/latest-version/node_modules/package-json/node_modules/got/node_modules
442 warn checkPermissions Missing write access to /usr/local/lib/node_modules/bower/node_modules/update-notifier/node_modules/latest-version/node_modules/package-json/node_modules
443 warn checkPermissions Missing write access to /usr/local/lib/node_modules/bower/node_modules/update-notifier/node_modules/latest-version/node_modules/package-json/node_modules/registry-url/node_modules/npmconf/node_modules/config-chain/node_modules
444 warn checkPermissions Missing write access to /usr/local/lib/node_modules/bower/node_modules/update-notifier/node_modules/latest-version/node_modules/package-json/node_modules/registry-url/node_modules/npmconf/node_modules
445 warn checkPermissions Missing write access to /usr/local/lib/node_modules/bower/node_modules/update-notifier/node_modules/latest-version/node_modules/package-json/node_modules/registry-url/node_modules/npmconf/node_modules/once/node_modules
446 warn checkPermissions Missing write access to /usr/local/lib/node_modules/bower/node_modules/update-notifier/node_modules/latest-version/node_modules/package-json/node_modules/registry-url/node_modules
447 warn checkPermissions Missing write access to /usr/local/lib/node_modules/bower/node_modules/update-notifier/node_modules/latest-version/node_modules
448 warn checkPermissions Missing write access to /usr/local/lib/node_modules/bower/node_modules/update-notifier/node_modules/string-length/node_modules/strip-ansi/node_modules
449 warn checkPermissions Missing write access to /usr/local/lib/node_modules/bower/node_modules/update-notifier/node_modules/string-length/node_modules
450 warn checkPermissions Missing write access to /usr/local/lib/node_modules
451 silly rollbackFailedOptional Starting
452 silly rollbackFailedOptional Finishing
453 silly runTopLevelLifecycles Starting
454 silly runTopLevelLifecycles Finishing
455 silly install printInstalled
456 verbose stack Error: EACCES: permission denied, access '/usr/local/lib/node_modules/bower/node_modules/abbrev'
456 verbose stack     at Error (native)
457 verbose cwd /Users/darmawanalbert/Documents/PoliteBeta/Polite/Alpha/Ionic
458 error Darwin 14.5.0
459 error argv "/usr/local/bin/node" "/usr/local/bin/npm" "update" "-g" "bower"
460 error node v4.4.1
461 error npm  v3.8.6
462 error path /usr/local/lib/node_modules/bower/node_modules/abbrev
463 error code EACCES
464 error errno -13
465 error syscall access
466 error Error: EACCES: permission denied, access '/usr/local/lib/node_modules/bower/node_modules/abbrev'
466 error     at Error (native)
466 error  { [Error: EACCES: permission denied, access '/usr/local/lib/node_modules/bower/node_modules/abbrev']
466 error   errno: -13,
466 error   code: 'EACCES',
466 error   syscall: 'access',
466 error   path: '/usr/local/lib/node_modules/bower/node_modules/abbrev' }
467 error Please try running this command again as root/Administrator.
468 verbose exit [ -13, true ]
